生成启动时间为 2021/1/29 8:36:34。
     1>项目“D:\C++\bit\data_struct\data_struct\data_struct.vcxproj”在节点 2 上(Build 个目标)。
     1>ClCompile:
         F:\software\Visual Studio\vs_install_later\VC\bin\CL.exe /c /ZI /nologo /W3 /WX- /Od /Oy- /D WIN32 /D _DEBUG /D _CONSOLE /D _LIB /D _UNICODE /D UNICODE /Gm /EHsc /RTC1 /MDd /GS /fp:precise /Zc:wchar_t /Zc:forScope /Fo"Debug\\" /Fd"Debug\vc120.pdb" /Gd /TC /analyze- /errorReport:prompt tree.c
         tree.c
     1>d:\c++\bit\data_struct\data_struct\stack.h(93): error C2059: 语法错误:“;”
     1>d:\c++\bit\data_struct\data_struct\stack.h(95): error C2059: 语法错误:“}”
     1>d:\c++\bit\data_struct\data_struct\stack.h(98): error C2016: C 要求一个结构或联合至少有一个成员
     1>d:\c++\bit\data_struct\data_struct\stack.h(98): error C2061: 语法错误: 标识符“LinkStackNode”
     1>d:\c++\bit\data_struct\data_struct\stack.h(99): error C2059: 语法错误:“}”
     1>d:\c++\bit\data_struct\data_struct\stack.h(101): error C2143: 语法错误 : 缺少“)”(在“*”的前面)
     1>d:\c++\bit\data_struct\data_struct\stack.h(101): error C2143: 语法错误 : 缺少“{”(在“*”的前面)
     1>d:\c++\bit\data_struct\data_struct\stack.h(101): error C2059: 语法错误:“)”
     1>d:\c++\bit\data_struct\data_struct\stack.h(102): error C2143: 语法错误 : 缺少“)”(在“*”的前面)
     1>d:\c++\bit\data_struct\data_struct\stack.h(102): error C2143: 语法错误 : 缺少“{”(在“*”的前面)
     1>d:\c++\bit\data_struct\data_struct\stack.h(102): error C2059: 语法错误:“)”
     1>d:\c++\bit\data_struct\data_struct\stack.h(103): error C2143: 语法错误 : 缺少“)”(在“*”的前面)
     1>d:\c++\bit\data_struct\data_struct\stack.h(103): error C2143: 语法错误 : 缺少“{”(在“*”的前面)
     1>d:\c++\bit\data_struct\data_struct\stack.h(103): error C2059: 语法错误:“类型”
     1>d:\c++\bit\data_struct\data_struct\stack.h(103): error C2059: 语法错误:“)”
     1>d:\c++\bit\data_struct\data_struct\stack.h(104): error C2143: 语法错误 : 缺少“)”(在“*”的前面)
     1>d:\c++\bit\data_struct\data_struct\stack.h(104): error C2143: 语法错误 : 缺少“{”(在“*”的前面)
     1>d:\c++\bit\data_struct\data_struct\stack.h(104): error C2059: 语法错误:“)”
     1>d:\c++\bit\data_struct\data_struct\stack.h(105): error C2059: 语法错误:“;”
     1>d:\c++\bit\data_struct\data_struct\stack.h(105): error C2143: 语法错误 : 缺少“)”(在“*”的前面)
     1>d:\c++\bit\data_struct\data_struct\stack.h(105): error C2143: 语法错误 : 缺少“{”(在“*”的前面)
     1>d:\c++\bit\data_struct\data_struct\stack.h(105): error C2059: 语法错误:“)”
     1>d:\c++\bit\data_struct\data_struct\stack.h(106): error C2143: 语法错误 : 缺少“)”(在“*”的前面)
     1>d:\c++\bit\data_struct\data_struct\stack.h(106): error C2143: 语法错误 : 缺少“{”(在“*”的前面)
     1>d:\c++\bit\data_struct\data_struct\stack.h(106): error C2059: 语法错误:“)”
     1>d:\c++\bit\data_struct\data_struct\stack.h(107): error C2143: 语法错误 : 缺少“)”(在“*”的前面)
     1>d:\c++\bit\data_struct\data_struct\stack.h(107): error C2143: 语法错误 : 缺少“{”(在“*”的前面)
     1>d:\c++\bit\data_struct\data_struct\stack.h(107): error C2059: 语法错误:“)”
     1>d:\c++\bit\data_struct\data_struct\stack.h(108): error C2054: 在“pst”之后应输入“(”
     1>d:\c++\bit\data_struct\data_struct\stack.h(112): error C2143: 语法错误 : 缺少“)”(在“*”的前面)
     1>d:\c++\bit\data_struct\data_struct\stack.h(112): error C2143: 语法错误 : 缺少“{”(在“*”的前面)
     1>d:\c++\bit\data_struct\data_struct\stack.h(112): error C2059: 语法错误:“)”
     1>d:\c++\bit\data_struct\data_struct\stack.h(113): error C2054: 在“pst”之后应输入“(”
     1>d:\c++\bit\data_struct\data_struct\stack.h(118): error C2143: 语法错误 : 缺少“)”(在“*”的前面)
     1>d:\c++\bit\data_struct\data_struct\stack.h(118): error C2143: 语法错误 : 缺少“{”(在“*”的前面)
     1>d:\c++\bit\data_struct\data_struct\stack.h(118): error C2059: 语法错误:“类型”
     1>d:\c++\bit\data_struct\data_struct\stack.h(118): error C2059: 语法错误:“)”
     1>d:\c++\bit\data_struct\data_struct\stack.h(119): error C2054: 在“x”之后应输入“(”
     1>d:\c++\bit\data_struct\data_struct\stack.h(129): error C2143: 语法错误 : 缺少“)”(在“*”的前面)
     1>d:\c++\bit\data_struct\data_struct\stack.h(129): error C2143: 语法错误 : 缺少“{”(在“*”的前面)
     1>d:\c++\bit\data_struct\data_struct\stack.h(129): error C2059: 语法错误:“)”
     1>d:\c++\bit\data_struct\data_struct\stack.h(130): error C2054: 在“pst”之后应输入“(”
     1>d:\c++\bit\data_struct\data_struct\stack.h(140): error C2059: 语法错误:“;”
     1>d:\c++\bit\data_struct\data_struct\stack.h(140): error C2143: 语法错误 : 缺少“)”(在“*”的前面)
     1>d:\c++\bit\data_struct\data_struct\stack.h(140): error C2143: 语法错误 : 缺少“{”(在“*”的前面)
     1>d:\c++\bit\data_struct\data_struct\stack.h(140): error C2059: 语法错误:“)”
     1>d:\c++\bit\data_struct\data_struct\stack.h(141): error C2054: 在“pst”之后应输入“(”
     1>d:\c++\bit\data_struct\data_struct\stack.h(146): error C2143: 语法错误 : 缺少“)”(在“*”的前面)
     1>d:\c++\bit\data_struct\data_struct\stack.h(146): error C2143: 语法错误 : 缺少“{”(在“*”的前面)
     1>d:\c++\bit\data_struct\data_struct\stack.h(146): error C2059: 语法错误:“)”
     1>d:\c++\bit\data_struct\data_struct\stack.h(147): error C2054: 在“pst”之后应输入“(”
     1>d:\c++\bit\data_struct\data_struct\stack.h(157): error C2143: 语法错误 : 缺少“)”(在“*”的前面)
     1>d:\c++\bit\data_struct\data_struct\stack.h(157): error C2143: 语法错误 : 缺少“{”(在“*”的前面)
     1>d:\c++\bit\data_struct\data_struct\stack.h(157): error C2059: 语法错误:“)”
     1>d:\c++\bit\data_struct\data_struct\stack.h(158): error C2054: 在“pst”之后应输入“(”
     1>d:\c++\bit\data_struct\data_struct\tree.h(121): error C2065: “LinkStack”: 未声明的标识符
     1>d:\c++\bit\data_struct\data_struct\tree.h(121): error C2146: 语法错误: 缺少“;”(在标识符“st”的前面)
     1>d:\c++\bit\data_struct\data_struct\tree.h(121): error C2065: “st”: 未声明的标识符
     1>d:\c++\bit\data_struct\data_struct\tree.h(122): warning C4013: “LinkStackInit”未定义；假设外部返回 int
     1>d:\c++\bit\data_struct\data_struct\tree.h(122): error C2065: “st”: 未声明的标识符
     1>d:\c++\bit\data_struct\data_struct\tree.h(123): warning C4013: “LinkStackEmpty”未定义；假设外部返回 int
     1>d:\c++\bit\data_struct\data_struct\tree.h(123): error C2065: “st”: 未声明的标识符
     1>d:\c++\bit\data_struct\data_struct\tree.h(125): warning C4013: “LinkStackPush”未定义；假设外部返回 int
     1>d:\c++\bit\data_struct\data_struct\tree.h(125): error C2065: “st”: 未声明的标识符
     1>已完成生成项目“D:\C++\bit\data_struct\data_struct\data_struct.vcxproj”(Build 个目标)的操作 - 失败。

生成失败。

已用时间 00:00:02.21
